2024-12-10T08:48:39.489+05:30  WARN 18360 --- [Banking-System] [HikariPool-1 housekeeper] com.zaxxer.hikari.pool.HikariPool        : HikariPool-1 - Thread starvation or clock leap detected (housekeeper delta=16h2m24s514ms833µs300ns).
2024-12-10T10:34:56.491+05:30  INFO 18360 --- [Banking-System] [RMI TCP Connection(114)-127.0.0.1] inMXBeanRegistrar$SpringApplicationAdmin : Application shutdown requested.
2024-12-10T10:34:57.351+05:30  INFO 18360 --- [Banking-System] [RMI TCP Connection(114)-127.0.0.1] j.LocalContainerEntityManagerFactoryBean : Closing JPA EntityManagerFactory for persistence unit 'default'
2024-12-10T10:34:57.372+05:30  INFO 18360 --- [Banking-System] [RMI TCP Connection(114)-127.0.0.1] com.zaxxer.hikari.HikariDataSource       : HikariPool-1 - Shutdown initiated...
2024-12-10T10:34:57.398+05:30  INFO 18360 --- [Banking-System] [RMI TCP Connection(114)-127.0.0.1] com.zaxxer.hikari.HikariDataSource       : HikariPool-1 - Shutdown completed.
2024-12-10T10:35:03.937+05:30  INFO 24356 --- [Banking-System] [main] com.banking.BankingSystemApplication     : Starting BankingSystemApplication using Java 17.0.6 with PID 24356 (C:\Users\neha.sawant\Downloads\Banking System (1)\Banking-System\target\classes started by neha.sawant in C:\Users\neha.sawant\Downloads\Banking System (1)\Banking-System)
2024-12-10T10:35:03.944+05:30  INFO 24356 --- [Banking-System] [main] com.banking.BankingSystemApplication     : No active profile set, falling back to 1 default profile: "default"
2024-12-10T10:35:05.482+05:30  INFO 24356 --- [Banking-System] [main] .s.d.r.c.RepositoryConfigurationDelegate : Bootstrapping Spring Data JPA repositories in DEFAULT mode.
2024-12-10T10:35:05.643+05:30  INFO 24356 --- [Banking-System] [main] .s.d.r.c.RepositoryConfigurationDelegate : Finished Spring Data repository scanning in 145 ms. Found 2 JPA repository interfaces.
2024-12-10T10:35:06.800+05:30  INFO 24356 --- [Banking-System] [main] o.s.b.w.embedded.tomcat.TomcatWebServer  : Tomcat initialized with port 8080 (http)
2024-12-10T10:35:06.837+05:30  INFO 24356 --- [Banking-System] [main] o.apache.catalina.core.StandardService   : Starting service [Tomcat]
2024-12-10T10:35:06.838+05:30  INFO 24356 --- [Banking-System] [main] o.apache.catalina.core.StandardEngine    : Starting Servlet engine: [Apache Tomcat/10.1.30]
2024-12-10T10:35:07.191+05:30  INFO 24356 --- [Banking-System] [main] o.a.c.c.C.[Tomcat].[localhost].[/]       : Initializing Spring embedded WebApplicationContext
2024-12-10T10:35:07.192+05:30  INFO 24356 --- [Banking-System] [main] w.s.c.ServletWebServerApplicationContext : Root WebApplicationContext: initialization completed in 3132 ms
2024-12-10T10:35:07.618+05:30  INFO 24356 --- [Banking-System] [main] o.hibernate.jpa.internal.util.LogHelper  : HHH000204: Processing PersistenceUnitInfo [name: default]
2024-12-10T10:35:07.827+05:30  INFO 24356 --- [Banking-System] [main] org.hibernate.Version                    : HHH000412: Hibernate ORM core version 6.5.3.Final
2024-12-10T10:35:07.959+05:30  INFO 24356 --- [Banking-System] [main] o.h.c.internal.RegionFactoryInitiator    : HHH000026: Second-level cache disabled
2024-12-10T10:35:08.700+05:30  INFO 24356 --- [Banking-System] [main] o.s.o.j.p.SpringPersistenceUnitInfo      : No LoadTimeWeaver setup: ignoring JPA class transformer
2024-12-10T10:35:08.766+05:30  INFO 24356 --- [Banking-System] [main] com.zaxxer.hikari.HikariDataSource       : HikariPool-1 - Starting...
2024-12-10T10:35:08.774+05:30  WARN 24356 --- [Banking-System] [main] c.zaxxer.hikari.util.DriverDataSource    : Registered driver with driverClassName=com.mysql.jdbc.Driver was not found, trying direct instantiation.
2024-12-10T10:35:09.247+05:30  INFO 24356 --- [Banking-System] [main] com.zaxxer.hikari.pool.HikariPool        : HikariPool-1 - Added connection com.mysql.cj.jdbc.ConnectionImpl@2c56eba5
2024-12-10T10:35:09.250+05:30  INFO 24356 --- [Banking-System] [main] com.zaxxer.hikari.HikariDataSource       : HikariPool-1 - Start completed.
2024-12-10T10:35:11.364+05:30  INFO 24356 --- [Banking-System] [main] o.h.e.t.j.p.i.JtaPlatformInitiator       : HHH000489: No JTA platform available (set 'hibernate.transaction.jta.platform' to enable JTA platform integration)
2024-12-10T10:35:11.498+05:30  INFO 24356 --- [Banking-System] [main] j.LocalContainerEntityManagerFactoryBean : Initialized JPA EntityManagerFactory for persistence unit 'default'
2024-12-10T10:35:12.051+05:30  WARN 24356 --- [Banking-System] [main] JpaBaseConfiguration$JpaWebConfiguration : spring.jpa.open-in-view is enabled by default. Therefore, database queries may be performed during view rendering. Explicitly configure spring.jpa.open-in-view to disable this warning
2024-12-10T10:35:12.675+05:30  INFO 24356 --- [Banking-System] [main] o.s.b.w.embedded.tomcat.TomcatWebServer  : Tomcat started on port 8080 (http) with context path '/'
2024-12-10T10:35:12.687+05:30  INFO 24356 --- [Banking-System] [main] com.banking.BankingSystemApplication     : Started BankingSystemApplication in 9.824 seconds (process running for 12.072)
2024-12-10T10:42:08.710+05:30  INFO 24356 --- [Banking-System] [RMI TCP Connection(9)-127.0.0.1] inMXBeanRegistrar$SpringApplicationAdmin : Application shutdown requested.
2024-12-10T10:42:09.499+05:30  INFO 24356 --- [Banking-System] [RMI TCP Connection(9)-127.0.0.1] j.LocalContainerEntityManagerFactoryBean : Closing JPA EntityManagerFactory for persistence unit 'default'
2024-12-10T10:42:09.504+05:30  INFO 24356 --- [Banking-System] [RMI TCP Connection(9)-127.0.0.1] com.zaxxer.hikari.HikariDataSource       : HikariPool-1 - Shutdown initiated...
2024-12-10T10:42:09.527+05:30  INFO 24356 --- [Banking-System] [RMI TCP Connection(9)-127.0.0.1] com.zaxxer.hikari.HikariDataSource       : HikariPool-1 - Shutdown completed.
2024-12-10T10:42:15.323+05:30  INFO 34656 --- [Banking-System] [main] com.banking.BankingSystemApplication     : Starting BankingSystemApplication using Java 17.0.6 with PID 34656 (C:\Users\neha.sawant\Downloads\Banking System (1)\Banking-System\target\classes started by neha.sawant in C:\Users\neha.sawant\Downloads\Banking System (1)\Banking-System)
2024-12-10T10:42:15.329+05:30  INFO 34656 --- [Banking-System] [main] com.banking.BankingSystemApplication     : No active profile set, falling back to 1 default profile: "default"
2024-12-10T10:42:16.482+05:30  INFO 34656 --- [Banking-System] [main] .s.d.r.c.RepositoryConfigurationDelegate : Bootstrapping Spring Data JPA repositories in DEFAULT mode.
2024-12-10T10:42:16.619+05:30  INFO 34656 --- [Banking-System] [main] .s.d.r.c.RepositoryConfigurationDelegate : Finished Spring Data repository scanning in 118 ms. Found 2 JPA repository interfaces.
2024-12-10T10:42:17.524+05:30  INFO 34656 --- [Banking-System] [main] o.s.b.w.embedded.tomcat.TomcatWebServer  : Tomcat initialized with port 8080 (http)
2024-12-10T10:42:17.544+05:30  INFO 34656 --- [Banking-System] [main] o.apache.catalina.core.StandardService   : Starting service [Tomcat]
2024-12-10T10:42:17.545+05:30  INFO 34656 --- [Banking-System] [main] o.apache.catalina.core.StandardEngine    : Starting Servlet engine: [Apache Tomcat/10.1.30]
2024-12-10T10:42:17.739+05:30  INFO 34656 --- [Banking-System] [main] o.a.c.c.C.[Tomcat].[localhost].[/]       : Initializing Spring embedded WebApplicationContext
2024-12-10T10:42:17.740+05:30  INFO 34656 --- [Banking-System] [main] w.s.c.ServletWebServerApplicationContext : Root WebApplicationContext: initialization completed in 2327 ms
2024-12-10T10:42:18.024+05:30  INFO 34656 --- [Banking-System] [main] o.hibernate.jpa.internal.util.LogHelper  : HHH000204: Processing PersistenceUnitInfo [name: default]
2024-12-10T10:42:18.174+05:30  INFO 34656 --- [Banking-System] [main] org.hibernate.Version                    : HHH000412: Hibernate ORM core version 6.5.3.Final
2024-12-10T10:42:18.245+05:30  INFO 34656 --- [Banking-System] [main] o.h.c.internal.RegionFactoryInitiator    : HHH000026: Second-level cache disabled
2024-12-10T10:42:18.905+05:30  INFO 34656 --- [Banking-System] [main] o.s.o.j.p.SpringPersistenceUnitInfo      : No LoadTimeWeaver setup: ignoring JPA class transformer
2024-12-10T10:42:19.010+05:30  INFO 34656 --- [Banking-System] [main] com.zaxxer.hikari.HikariDataSource       : HikariPool-1 - Starting...
2024-12-10T10:42:19.021+05:30  WARN 34656 --- [Banking-System] [main] c.zaxxer.hikari.util.DriverDataSource    : Registered driver with driverClassName=com.mysql.jdbc.Driver was not found, trying direct instantiation.
2024-12-10T10:42:19.506+05:30  INFO 34656 --- [Banking-System] [main] com.zaxxer.hikari.pool.HikariPool        : HikariPool-1 - Added connection com.mysql.cj.jdbc.ConnectionImpl@f3876ef
2024-12-10T10:42:19.509+05:30  INFO 34656 --- [Banking-System] [main] com.zaxxer.hikari.HikariDataSource       : HikariPool-1 - Start completed.
2024-12-10T10:42:21.261+05:30  INFO 34656 --- [Banking-System] [main] o.h.e.t.j.p.i.JtaPlatformInitiator       : HHH000489: No JTA platform available (set 'hibernate.transaction.jta.platform' to enable JTA platform integration)
2024-12-10T10:42:21.387+05:30  INFO 34656 --- [Banking-System] [main] j.LocalContainerEntityManagerFactoryBean : Initialized JPA EntityManagerFactory for persistence unit 'default'
2024-12-10T10:42:21.907+05:30  WARN 34656 --- [Banking-System] [main] JpaBaseConfiguration$JpaWebConfiguration : spring.jpa.open-in-view is enabled by default. Therefore, database queries may be performed during view rendering. Explicitly configure spring.jpa.open-in-view to disable this warning
2024-12-10T10:42:22.428+05:30  INFO 34656 --- [Banking-System] [main] o.s.b.w.embedded.tomcat.TomcatWebServer  : Tomcat started on port 8080 (http) with context path '/'
2024-12-10T10:42:22.441+05:30  INFO 34656 --- [Banking-System] [main] com.banking.BankingSystemApplication     : Started BankingSystemApplication in 7.929 seconds (process running for 9.841)
2024-12-10T10:42:57.672+05:30  INFO 34656 --- [Banking-System] [http-nio-8080-exec-1] o.a.c.c.C.[Tomcat].[localhost].[/]       : Initializing Spring DispatcherServlet 'dispatcherServlet'
2024-12-10T10:42:57.673+05:30  INFO 34656 --- [Banking-System] [http-nio-8080-exec-1] o.s.web.servlet.DispatcherServlet        : Initializing Servlet 'dispatcherServlet'
2024-12-10T10:42:57.674+05:30  INFO 34656 --- [Banking-System] [http-nio-8080-exec-1] o.s.web.servlet.DispatcherServlet        : Completed initialization in 1 ms
2024-12-10T10:50:43.410+05:30  INFO 34656 --- [Banking-System] [RMI TCP Connection(13)-127.0.0.1] inMXBeanRegistrar$SpringApplicationAdmin : Application shutdown requested.
2024-12-10T10:50:44.255+05:30  INFO 34656 --- [Banking-System] [RMI TCP Connection(13)-127.0.0.1] j.LocalContainerEntityManagerFactoryBean : Closing JPA EntityManagerFactory for persistence unit 'default'
2024-12-10T10:50:44.258+05:30  INFO 34656 --- [Banking-System] [RMI TCP Connection(13)-127.0.0.1] com.zaxxer.hikari.HikariDataSource       : HikariPool-1 - Shutdown initiated...
2024-12-10T10:50:44.278+05:30  INFO 34656 --- [Banking-System] [RMI TCP Connection(13)-127.0.0.1] com.zaxxer.hikari.HikariDataSource       : HikariPool-1 - Shutdown completed.
2024-12-10T10:50:50.702+05:30  INFO 35620 --- [Banking-System] [main] com.banking.BankingSystemApplication     : Starting BankingSystemApplication using Java 17.0.6 with PID 35620 (C:\Users\neha.sawant\Downloads\Banking System (1)\Banking-System\target\classes started by neha.sawant in C:\Users\neha.sawant\Downloads\Banking System (1)\Banking-System)
2024-12-10T10:50:50.707+05:30  INFO 35620 --- [Banking-System] [main] com.banking.BankingSystemApplication     : No active profile set, falling back to 1 default profile: "default"
2024-12-10T10:50:52.064+05:30  INFO 35620 --- [Banking-System] [main] .s.d.r.c.RepositoryConfigurationDelegate : Bootstrapping Spring Data JPA repositories in DEFAULT mode.
2024-12-10T10:50:52.228+05:30  INFO 35620 --- [Banking-System] [main] .s.d.r.c.RepositoryConfigurationDelegate : Finished Spring Data repository scanning in 148 ms. Found 2 JPA repository interfaces.
2024-12-10T10:50:53.083+05:30  INFO 35620 --- [Banking-System] [main] o.s.b.w.embedded.tomcat.TomcatWebServer  : Tomcat initialized with port 8080 (http)
2024-12-10T10:50:53.111+05:30  INFO 35620 --- [Banking-System] [main] o.apache.catalina.core.StandardService   : Starting service [Tomcat]
2024-12-10T10:50:53.112+05:30  INFO 35620 --- [Banking-System] [main] o.apache.catalina.core.StandardEngine    : Starting Servlet engine: [Apache Tomcat/10.1.30]
2024-12-10T10:50:53.305+05:30  INFO 35620 --- [Banking-System] [main] o.a.c.c.C.[Tomcat].[localhost].[/]       : Initializing Spring embedded WebApplicationContext
2024-12-10T10:50:53.306+05:30  INFO 35620 --- [Banking-System] [main] w.s.c.ServletWebServerApplicationContext : Root WebApplicationContext: initialization completed in 2511 ms
2024-12-10T10:50:53.655+05:30  INFO 35620 --- [Banking-System] [main] o.hibernate.jpa.internal.util.LogHelper  : HHH000204: Processing PersistenceUnitInfo [name: default]
2024-12-10T10:50:53.777+05:30  INFO 35620 --- [Banking-System] [main] org.hibernate.Version                    : HHH000412: Hibernate ORM core version 6.5.3.Final
2024-12-10T10:50:53.870+05:30  INFO 35620 --- [Banking-System] [main] o.h.c.internal.RegionFactoryInitiator    : HHH000026: Second-level cache disabled
2024-12-10T10:50:54.511+05:30  INFO 35620 --- [Banking-System] [main] o.s.o.j.p.SpringPersistenceUnitInfo      : No LoadTimeWeaver setup: ignoring JPA class transformer
2024-12-10T10:50:54.571+05:30  INFO 35620 --- [Banking-System] [main] com.zaxxer.hikari.HikariDataSource       : HikariPool-1 - Starting...
2024-12-10T10:50:54.580+05:30  WARN 35620 --- [Banking-System] [main] c.zaxxer.hikari.util.DriverDataSource    : Registered driver with driverClassName=com.mysql.jdbc.Driver was not found, trying direct instantiation.
2024-12-10T10:50:55.003+05:30  INFO 35620 --- [Banking-System] [main] com.zaxxer.hikari.pool.HikariPool        : HikariPool-1 - Added connection com.mysql.cj.jdbc.ConnectionImpl@31b6fb14
2024-12-10T10:50:55.005+05:30  INFO 35620 --- [Banking-System] [main] com.zaxxer.hikari.HikariDataSource       : HikariPool-1 - Start completed.
2024-12-10T10:50:56.720+05:30  INFO 35620 --- [Banking-System] [main] o.h.e.t.j.p.i.JtaPlatformInitiator       : HHH000489: No JTA platform available (set 'hibernate.transaction.jta.platform' to enable JTA platform integration)
2024-12-10T10:50:56.872+05:30  INFO 35620 --- [Banking-System] [main] j.LocalContainerEntityManagerFactoryBean : Initialized JPA EntityManagerFactory for persistence unit 'default'
2024-12-10T10:50:57.620+05:30  WARN 35620 --- [Banking-System] [main] JpaBaseConfiguration$JpaWebConfiguration : spring.jpa.open-in-view is enabled by default. Therefore, database queries may be performed during view rendering. Explicitly configure spring.jpa.open-in-view to disable this warning
2024-12-10T10:50:58.181+05:30  INFO 35620 --- [Banking-System] [main] o.s.b.w.embedded.tomcat.TomcatWebServer  : Tomcat started on port 8080 (http) with context path '/'
2024-12-10T10:50:58.196+05:30  INFO 35620 --- [Banking-System] [main] com.banking.BankingSystemApplication     : Started BankingSystemApplication in 8.32 seconds (process running for 10.666)
2024-12-10T10:51:15.294+05:30  INFO 35620 --- [Banking-System] [http-nio-8080-exec-1] o.a.c.c.C.[Tomcat].[localhost].[/]       : Initializing Spring DispatcherServlet 'dispatcherServlet'
2024-12-10T10:51:15.295+05:30  INFO 35620 --- [Banking-System] [http-nio-8080-exec-1] o.s.web.servlet.DispatcherServlet        : Initializing Servlet 'dispatcherServlet'
2024-12-10T10:51:15.298+05:30  INFO 35620 --- [Banking-System] [http-nio-8080-exec-1] o.s.web.servlet.DispatcherServlet        : Completed initialization in 3 ms
2024-12-10T10:55:34.577+05:30  WARN 35620 --- [Banking-System] [http-nio-8080-exec-1] .w.s.m.s.DefaultHandlerExceptionResolver : Resolved [org.springframework.web.method.annotation.MethodArgumentTypeMismatchException: Failed to convert value of type 'java.lang.String' to required type 'java.lang.Long'; For input string: "undefined"]
2024-12-10T10:55:34.577+05:30  WARN 35620 --- [Banking-System] [http-nio-8080-exec-3] .w.s.m.s.DefaultHandlerExceptionResolver : Resolved [org.springframework.web.method.annotation.MethodArgumentTypeMismatchException: Failed to convert value of type 'java.lang.String' to required type 'java.lang.Long'; For input string: "undefined"]
2024-12-10T10:55:34.584+05:30  WARN 35620 --- [Banking-System] [http-nio-8080-exec-8] .w.s.m.s.DefaultHandlerExceptionResolver : Resolved [org.springframework.web.method.annotation.MethodArgumentTypeMismatchException: Failed to convert value of type 'java.lang.String' to required type 'java.lang.Long'; For input string: "undefined"]
2024-12-10T10:57:42.015+05:30  INFO 35620 --- [Banking-System] [RMI TCP Connection(11)-127.0.0.1] inMXBeanRegistrar$SpringApplicationAdmin : Application shutdown requested.
2024-12-10T10:57:42.764+05:30  INFO 35620 --- [Banking-System] [RMI TCP Connection(11)-127.0.0.1] j.LocalContainerEntityManagerFactoryBean : Closing JPA EntityManagerFactory for persistence unit 'default'
2024-12-10T10:57:42.769+05:30  INFO 35620 --- [Banking-System] [RMI TCP Connection(11)-127.0.0.1] com.zaxxer.hikari.HikariDataSource       : HikariPool-1 - Shutdown initiated...
2024-12-10T10:57:42.790+05:30  INFO 35620 --- [Banking-System] [RMI TCP Connection(11)-127.0.0.1] com.zaxxer.hikari.HikariDataSource       : HikariPool-1 - Shutdown completed.
2024-12-10T10:57:55.006+05:30  INFO 34092 --- [Banking-System] [main] com.banking.BankingSystemApplication     : Starting BankingSystemApplication using Java 17.0.6 with PID 34092 (C:\Users\neha.sawant\Downloads\Banking System (1)\Banking-System\target\classes started by neha.sawant in C:\Users\neha.sawant\Downloads\Banking System (1)\Banking-System)
2024-12-10T10:57:55.014+05:30  INFO 34092 --- [Banking-System] [main] com.banking.BankingSystemApplication     : No active profile set, falling back to 1 default profile: "default"
2024-12-10T10:57:56.365+05:30  INFO 34092 --- [Banking-System] [main] .s.d.r.c.RepositoryConfigurationDelegate : Bootstrapping Spring Data JPA repositories in DEFAULT mode.
2024-12-10T10:57:56.522+05:30  INFO 34092 --- [Banking-System] [main] .s.d.r.c.RepositoryConfigurationDelegate : Finished Spring Data repository scanning in 139 ms. Found 2 JPA repository interfaces.
2024-12-10T10:57:57.502+05:30  INFO 34092 --- [Banking-System] [main] o.s.b.w.embedded.tomcat.TomcatWebServer  : Tomcat initialized with port 8080 (http)
2024-12-10T10:57:57.523+05:30  INFO 34092 --- [Banking-System] [main] o.apache.catalina.core.StandardService   : Starting service [Tomcat]
2024-12-10T10:57:57.523+05:30  INFO 34092 --- [Banking-System] [main] o.apache.catalina.core.StandardEngine    : Starting Servlet engine: [Apache Tomcat/10.1.30]
2024-12-10T10:57:57.666+05:30  INFO 34092 --- [Banking-System] [main] o.a.c.c.C.[Tomcat].[localhost].[/]       : Initializing Spring embedded WebApplicationContext
2024-12-10T10:57:57.667+05:30  INFO 34092 --- [Banking-System] [main] w.s.c.ServletWebServerApplicationContext : Root WebApplicationContext: initialization completed in 2550 ms
2024-12-10T10:57:57.938+05:30  INFO 34092 --- [Banking-System] [main] o.hibernate.jpa.internal.util.LogHelper  : HHH000204: Processing PersistenceUnitInfo [name: default]
2024-12-10T10:57:58.055+05:30  INFO 34092 --- [Banking-System] [main] org.hibernate.Version                    : HHH000412: Hibernate ORM core version 6.5.3.Final
2024-12-10T10:57:58.141+05:30  INFO 34092 --- [Banking-System] [main] o.h.c.internal.RegionFactoryInitiator    : HHH000026: Second-level cache disabled
2024-12-10T10:57:58.712+05:30  INFO 34092 --- [Banking-System] [main] o.s.o.j.p.SpringPersistenceUnitInfo      : No LoadTimeWeaver setup: ignoring JPA class transformer
2024-12-10T10:57:58.768+05:30  INFO 34092 --- [Banking-System] [main] com.zaxxer.hikari.HikariDataSource       : HikariPool-1 - Starting...
2024-12-10T10:57:58.774+05:30  WARN 34092 --- [Banking-System] [main] c.zaxxer.hikari.util.DriverDataSource    : Registered driver with driverClassName=com.mysql.jdbc.Driver was not found, trying direct instantiation.
2024-12-10T10:57:59.262+05:30  INFO 34092 --- [Banking-System] [main] com.zaxxer.hikari.pool.HikariPool        : HikariPool-1 - Added connection com.mysql.cj.jdbc.ConnectionImpl@338a4c61
2024-12-10T10:57:59.268+05:30  INFO 34092 --- [Banking-System] [main] com.zaxxer.hikari.HikariDataSource       : HikariPool-1 - Start completed.
2024-12-10T10:58:01.266+05:30  INFO 34092 --- [Banking-System] [main] o.h.e.t.j.p.i.JtaPlatformInitiator       : HHH000489: No JTA platform available (set 'hibernate.transaction.jta.platform' to enable JTA platform integration)
2024-12-10T10:58:01.394+05:30  INFO 34092 --- [Banking-System] [main] j.LocalContainerEntityManagerFactoryBean : Initialized JPA EntityManagerFactory for persistence unit 'default'
2024-12-10T10:58:01.998+05:30  WARN 34092 --- [Banking-System] [main] JpaBaseConfiguration$JpaWebConfiguration : spring.jpa.open-in-view is enabled by default. Therefore, database queries may be performed during view rendering. Explicitly configure spring.jpa.open-in-view to disable this warning
2024-12-10T10:58:02.501+05:30  INFO 34092 --- [Banking-System] [main] o.s.b.w.embedded.tomcat.TomcatWebServer  : Tomcat started on port 8080 (http) with context path '/'
2024-12-10T10:58:02.513+05:30  INFO 34092 --- [Banking-System] [main] com.banking.BankingSystemApplication     : Started BankingSystemApplication in 8.388 seconds (process running for 10.753)
2024-12-10T10:58:14.195+05:30  INFO 34092 --- [Banking-System] [http-nio-8080-exec-1] o.a.c.c.C.[Tomcat].[localhost].[/]       : Initializing Spring DispatcherServlet 'dispatcherServlet'
2024-12-10T10:58:14.197+05:30  INFO 34092 --- [Banking-System] [http-nio-8080-exec-1] o.s.web.servlet.DispatcherServlet        : Initializing Servlet 'dispatcherServlet'
2024-12-10T10:58:14.201+05:30  INFO 34092 --- [Banking-System] [http-nio-8080-exec-1] o.s.web.servlet.DispatcherServlet        : Completed initialization in 3 ms
2024-12-10T11:01:38.596+05:30  WARN 34092 --- [Banking-System] [http-nio-8080-exec-6] .w.s.m.s.DefaultHandlerExceptionResolver : Resolved [org.springframework.web.method.annotation.MethodArgumentTypeMismatchException: Failed to convert value of type 'java.lang.String' to required type 'java.lang.Long'; For input string: "undefined"]
2024-12-10T11:01:38.596+05:30  WARN 34092 --- [Banking-System] [http-nio-8080-exec-7] .w.s.m.s.DefaultHandlerExceptionResolver : Resolved [org.springframework.web.method.annotation.MethodArgumentTypeMismatchException: Failed to convert value of type 'java.lang.String' to required type 'java.lang.Long'; For input string: "undefined"]
2024-12-10T11:01:38.710+05:30  WARN 34092 --- [Banking-System] [http-nio-8080-exec-8] .w.s.m.s.DefaultHandlerExceptionResolver : Resolved [org.springframework.web.method.annotation.MethodArgumentTypeMismatchException: Failed to convert value of type 'java.lang.String' to required type 'java.lang.Long'; For input string: "undefined"]
2024-12-10T11:28:38.573+05:30  WARN 34092 --- [Banking-System] [http-nio-8080-exec-3] .w.s.m.s.DefaultHandlerExceptionResolver : Resolved [org.springframework.web.method.annotation.MethodArgumentTypeMismatchException: Failed to convert value of type 'java.lang.String' to required type 'java.lang.Long'; For input string: "undefined"]
2024-12-10T11:28:38.581+05:30  WARN 34092 --- [Banking-System] [http-nio-8080-exec-5] .w.s.m.s.DefaultHandlerExceptionResolver : Resolved [org.springframework.web.method.annotation.MethodArgumentTypeMismatchException: Failed to convert value of type 'java.lang.String' to required type 'java.lang.Long'; For input string: "undefined"]
2024-12-10T11:28:38.591+05:30  WARN 34092 --- [Banking-System] [http-nio-8080-exec-5] .w.s.m.s.DefaultHandlerExceptionResolver : Resolved [org.springframework.web.method.annotation.MethodArgumentTypeMismatchException: Failed to convert value of type 'java.lang.String' to required type 'java.lang.Long'; For input string: "undefined"]
2024-12-10T11:28:46.507+05:30  WARN 34092 --- [Banking-System] [http-nio-8080-exec-4] .w.s.m.s.DefaultHandlerExceptionResolver : Resolved [org.springframework.web.method.annotation.MethodArgumentTypeMismatchException: Failed to convert value of type 'java.lang.String' to required type 'java.lang.Long'; For input string: "undefined"]
2024-12-10T11:29:50.629+05:30  WARN 34092 --- [Banking-System] [http-nio-8080-exec-7] .w.s.m.s.DefaultHandlerExceptionResolver : Resolved [org.springframework.web.method.annotation.MethodArgumentTypeMismatchException: Failed to convert value of type 'java.lang.String' to required type 'java.lang.Long'; For input string: "undefined"]
2024-12-10T11:50:49.566+05:30  WARN 34092 --- [Banking-System] [http-nio-8080-exec-2] .w.s.m.s.DefaultHandlerExceptionResolver : Resolved [org.springframework.web.method.annotation.MethodArgumentTypeMismatchException: Failed to convert value of type 'java.lang.String' to required type 'java.lang.Long'; For input string: "undefined"]
2024-12-10T11:50:49.574+05:30  WARN 34092 --- [Banking-System] [http-nio-8080-exec-6] .w.s.m.s.DefaultHandlerExceptionResolver : Resolved [org.springframework.web.method.annotation.MethodArgumentTypeMismatchException: Failed to convert value of type 'java.lang.String' to required type 'java.lang.Long'; For input string: "undefined"]
2024-12-10T11:50:49.579+05:30  WARN 34092 --- [Banking-System] [http-nio-8080-exec-10] .w.s.m.s.DefaultHandlerExceptionResolver : Resolved [org.springframework.web.method.annotation.MethodArgumentTypeMismatchException: Failed to convert value of type 'java.lang.String' to required type 'java.lang.Long'; For input string: "undefined"]
2024-12-10T11:50:57.864+05:30  WARN 34092 --- [Banking-System] [http-nio-8080-exec-1] .w.s.m.s.DefaultHandlerExceptionResolver : Resolved [org.springframework.web.method.annotation.MethodArgumentTypeMismatchException: Failed to convert value of type 'java.lang.String' to required type 'java.lang.Long'; For input string: "undefined"]
2024-12-10T11:57:17.563+05:30  WARN 34092 --- [Banking-System] [http-nio-8080-exec-5] .w.s.m.s.DefaultHandlerExceptionResolver : Resolved [org.springframework.web.method.annotation.MethodArgumentTypeMismatchException: Failed to convert value of type 'java.lang.String' to required type 'java.lang.Long'; For input string: "undefined"]
2024-12-10T11:57:17.563+05:30  WARN 34092 --- [Banking-System] [http-nio-8080-exec-8] .w.s.m.s.DefaultHandlerExceptionResolver : Resolved [org.springframework.web.method.annotation.MethodArgumentTypeMismatchException: Failed to convert value of type 'java.lang.String' to required type 'java.lang.Long'; For input string: "undefined"]
2024-12-10T11:57:17.580+05:30  WARN 34092 --- [Banking-System] [http-nio-8080-exec-4] .w.s.m.s.DefaultHandlerExceptionResolver : Resolved [org.springframework.web.method.annotation.MethodArgumentTypeMismatchException: Failed to convert value of type 'java.lang.String' to required type 'java.lang.Long'; For input string: "undefined"]
2024-12-10T11:57:40.562+05:30  WARN 34092 --- [Banking-System] [http-nio-8080-exec-7] .w.s.m.s.DefaultHandlerExceptionResolver : Resolved [org.springframework.web.method.annotation.MethodArgumentTypeMismatchException: Failed to convert value of type 'java.lang.String' to required type 'java.lang.Long'; For input string: "undefined"]
2024-12-10T11:57:40.562+05:30  WARN 34092 --- [Banking-System] [http-nio-8080-exec-9] .w.s.m.s.DefaultHandlerExceptionResolver : Resolved [org.springframework.web.method.annotation.MethodArgumentTypeMismatchException: Failed to convert value of type 'java.lang.String' to required type 'java.lang.Long'; For input string: "undefined"]
2024-12-10T11:57:40.578+05:30  WARN 34092 --- [Banking-System] [http-nio-8080-exec-3] .w.s.m.s.DefaultHandlerExceptionResolver : Resolved [org.springframework.web.method.annotation.MethodArgumentTypeMismatchException: Failed to convert value of type 'java.lang.String' to required type 'java.lang.Long'; For input string: "undefined"]
2024-12-10T11:57:44.564+05:30  WARN 34092 --- [Banking-System] [http-nio-8080-exec-6] .w.s.m.s.DefaultHandlerExceptionResolver : Resolved [org.springframework.web.method.annotation.MethodArgumentTypeMismatchException: Failed to convert value of type 'java.lang.String' to required type 'java.lang.Long'; For input string: "undefined"]
2024-12-10T11:57:44.563+05:30  WARN 34092 --- [Banking-System] [http-nio-8080-exec-2] .w.s.m.s.DefaultHandlerExceptionResolver : Resolved [org.springframework.web.method.annotation.MethodArgumentTypeMismatchException: Failed to convert value of type 'java.lang.String' to required type 'java.lang.Long'; For input string: "undefined"]
2024-12-10T11:57:44.574+05:30  WARN 34092 --- [Banking-System] [http-nio-8080-exec-10] .w.s.m.s.DefaultHandlerExceptionResolver : Resolved [org.springframework.web.method.annotation.MethodArgumentTypeMismatchException: Failed to convert value of type 'java.lang.String' to required type 'java.lang.Long'; For input string: "undefined"]
